2018-07-06 16:32:21.924  INFO 11708 --- [restartedMain] com.yly.testboot.TestBootApplication     : Starting TestBootApplication on DESKTOP-1RSPUK4 with PID 11708 (F:\git_file\test-boot\target\classes started by LiTao in F:\git_file\test-boot)
2018-07-06 16:32:21.926 DEBUG 11708 --- [restartedMain] com.yly.testboot.TestBootApplication     : Running with Spring Boot v2.0.3.RELEASE, Spring v5.0.7.RELEASE
2018-07-06 16:32:21.929  INFO 11708 --- [restartedMain] com.yly.testboot.TestBootApplication     : No active profile set, falling back to default profiles: default
2018-07-06 16:32:22.062  INFO 11708 --- [restartedMain] ConfigServletWebServerApplicationContext : Refreshing org.springframework.boot.web.servlet.context.AnnotationConfigServletWebServerApplicationContext@7a11f12e: startup date [Fri Jul 06 16:32:22 CST 2018]; root of context hierarchy
2018-07-06 16:32:24.507  INFO 11708 --- [restartedMain] o.s.b.w.embedded.tomcat.TomcatWebServer  : Tomcat initialized with port(s): 8080 (http)
2018-07-06 16:32:24.540  INFO 11708 --- [restartedMain] o.apache.catalina.core.StandardService   : Starting service [Tomcat]
2018-07-06 16:32:24.541  INFO 11708 --- [restartedMain] org.apache.catalina.core.StandardEngine  : Starting Servlet Engine: Apache Tomcat/8.5.31
2018-07-06 16:32:24.546  INFO 11708 --- [localhost-startStop-1] o.a.catalina.core.AprLifecycleListener   : The APR based Apache Tomcat Native library which allows optimal performance in production environments was not found on the java.library.path: [D:\Java\jdk1.8.0_131\bin;C:\WINDOWS\Sun\Java\bin;C:\WINDOWS\system32;C:\WINDOWS;D:\Java\jdk1.8.0_131\bin;D:\Java\jdk1.8.0_131\jre\bin;C:\WINDOWS\system32;C:\WINDOWS;C:\WINDOWS\System32\Wbem;C:\WINDOWS\System32\WindowsPowerShell\v1.0\;D:\Program Files\TortoiseSVN\bin;D:\Program Files\maven\apache-maven-3.5.3\bin;D:\VPN\bin;D:\Program Files\mysql5.7\source\MySQL Utilities 1.3.5\;d:\Program Files\Git\cmd;D:\Program Files\TortoiseGit\bin;D:\python;C:\Users\LiTao\AppData\Local\Microsoft\WindowsApps;;.]
2018-07-06 16:32:24.671  INFO 11708 --- [localhost-startStop-1] o.a.c.c.C.[Tomcat].[localhost].[/]       : Initializing Spring embedded WebApplicationContext
2018-07-06 16:32:24.672  INFO 11708 --- [localhost-startStop-1] o.s.web.context.ContextLoader            : Root WebApplicationContext: initialization completed in 2610 ms
2018-07-06 16:32:24.926  INFO 11708 --- [localhost-startStop-1] o.s.b.w.servlet.FilterRegistrationBean   : Mapping filter: 'characterEncodingFilter' to: [/*]
2018-07-06 16:32:24.926  INFO 11708 --- [localhost-startStop-1] o.s.b.w.servlet.FilterRegistrationBean   : Mapping filter: 'hiddenHttpMethodFilter' to: [/*]
2018-07-06 16:32:24.926  INFO 11708 --- [localhost-startStop-1] o.s.b.w.servlet.FilterRegistrationBean   : Mapping filter: 'httpPutFormContentFilter' to: [/*]
2018-07-06 16:32:24.927  INFO 11708 --- [localhost-startStop-1] o.s.b.w.servlet.FilterRegistrationBean   : Mapping filter: 'requestContextFilter' to: [/*]
2018-07-06 16:32:24.927  INFO 11708 --- [localhost-startStop-1] o.s.b.w.servlet.FilterRegistrationBean   : Mapping filter: 'MyFiler' to urls: [/*]
2018-07-06 16:32:24.927  INFO 11708 --- [localhost-startStop-1] o.s.b.w.servlet.FilterRegistrationBean   : Mapping filter: 'remoteIpFilter' to: [/*]
2018-07-06 16:32:24.927  INFO 11708 --- [localhost-startStop-1] o.s.b.w.servlet.ServletRegistrationBean  : Servlet dispatcherServlet mapped to [/]
2018-07-06 16:32:25.092  INFO 11708 --- [restartedMain] o.s.w.s.handler.SimpleUrlHandlerMapping  : Mapped URL path [/**/favicon.ico] onto handler of type [class org.springframework.web.servlet.resource.ResourceHttpRequestHandler]
2018-07-06 16:32:25.352  INFO 11708 --- [restartedMain] s.w.s.m.m.a.RequestMappingHandlerAdapter : Looking for @ControllerAdvice: org.springframework.boot.web.servlet.context.AnnotationConfigServletWebServerApplicationContext@7a11f12e: startup date [Fri Jul 06 16:32:22 CST 2018]; root of context hierarchy
2018-07-06 16:32:25.422  INFO 11708 --- [restartedMain] s.w.s.m.m.a.RequestMappingHandlerMapping : Mapped "{[/first/filter],methods=[GET]}" onto public java.lang.String com.yly.testboot.controller.FisrtController.filter(javax.servlet.http.HttpServletRequest)
2018-07-06 16:32:25.424  INFO 11708 --- [restartedMain] s.w.s.m.m.a.RequestMappingHandlerMapping : Mapped "{[/first/properties],methods=[GET]}" onto public com.yly.testboot.util.propertiesutil.MyProperties com.yly.testboot.controller.FisrtController.properties()
2018-07-06 16:32:25.424  INFO 11708 --- [restartedMain] s.w.s.m.m.a.RequestMappingHandlerMapping : Mapped "{[/first/json],methods=[GET]}" onto public com.yly.testboot.entity.UserEntity com.yly.testboot.controller.FisrtController.test1()
2018-07-06 16:32:25.424  INFO 11708 --- [restartedMain] s.w.s.m.m.a.RequestMappingHandlerMapping : Mapped "{[/first/properties2],methods=[GET]}" onto public com.yly.testboot.util.propertiesutil.MyPropertise2 com.yly.testboot.controller.FisrtController.properties2()
2018-07-06 16:32:25.426  INFO 11708 --- [restartedMain] s.w.s.m.m.a.RequestMappingHandlerMapping : Mapped "{[/error]}" onto public org.springframework.http.ResponseEntity<java.util.Map<java.lang.String, java.lang.Object>> org.springframework.boot.autoconfigure.web.servlet.error.BasicErrorController.error(javax.servlet.http.HttpServletRequest)
2018-07-06 16:32:25.426  INFO 11708 --- [restartedMain] s.w.s.m.m.a.RequestMappingHandlerMapping : Mapped "{[/error],produces=[text/html]}" onto public org.springframework.web.servlet.ModelAndView org.springframework.boot.autoconfigure.web.servlet.error.BasicErrorController.errorHtml(javax.servlet.http.HttpServletRequest,javax.servlet.http.HttpServletResponse)
2018-07-06 16:32:25.464  INFO 11708 --- [restartedMain] o.s.w.s.handler.SimpleUrlHandlerMapping  : Mapped URL path [/webjars/**] onto handler of type [class org.springframework.web.servlet.resource.ResourceHttpRequestHandler]
2018-07-06 16:32:25.465  INFO 11708 --- [restartedMain] o.s.w.s.handler.SimpleUrlHandlerMapping  : Mapped URL path [/**] onto handler of type [class org.springframework.web.servlet.resource.ResourceHttpRequestHandler]
2018-07-06 16:32:25.704  INFO 11708 --- [restartedMain] o.s.b.d.a.OptionalLiveReloadServer       : LiveReload server is running on port 35729
2018-07-06 16:32:25.755  INFO 11708 --- [restartedMain] o.s.j.e.a.AnnotationMBeanExporter        : Registering beans for JMX exposure on startup
2018-07-06 16:32:25.799  INFO 11708 --- [restartedMain] o.s.b.w.embedded.tomcat.TomcatWebServer  : Tomcat started on port(s): 8080 (http) with context path ''
2018-07-06 16:32:25.805  INFO 11708 --- [restartedMain] com.yly.testboot.TestBootApplication     : Started TestBootApplication in 4.829 seconds (JVM running for 6.387)
2018-07-06 16:32:33.597  INFO 11708 --- [http-nio-8080-exec-1] o.a.c.c.C.[Tomcat].[localhost].[/]       : Initializing Spring FrameworkServlet 'dispatcherServlet'
2018-07-06 16:32:33.597  INFO 11708 --- [http-nio-8080-exec-1] o.s.web.servlet.DispatcherServlet        : FrameworkServlet 'dispatcherServlet': initialization started
2018-07-06 16:32:33.632  INFO 11708 --- [http-nio-8080-exec-1] o.s.web.servlet.DispatcherServlet        : FrameworkServlet 'dispatcherServlet': initialization completed in 35 ms
2018-07-06 16:32:33.663  INFO 11708 --- [http-nio-8080-exec-1] c.y.testboot.controller.FisrtController  : MyPropertise2(myname=li, myage=28, mylocation=sc)
2018-07-06 16:33:02.439  INFO 11708 --- [http-nio-8080-exec-2] c.y.testboot.controller.FisrtController  : MyPropertise2(myname=li, myage=28, mylocation=sc)
2018-07-06 16:33:20.890  INFO 11708 --- [http-nio-8080-exec-3] c.y.testboot.controller.FisrtController  : MyPropertise2(myname=li, myage=28, mylocation=sc)
